Added Component: Designator=C1(CS 2.0*5*8 - C)
Add component (AddParameter): Name = "BOM名称"; Value = "直插固态电容"; VariantName = "[No Variations]"
Add component (AddParameter): Name = "学习资源"; Value = "www.ooocke.com"; VariantName = "[No Variations]"
Add component (AddParameter): Name = "版权归属"; Value = "源创客"; VariantName = "[No Variations]"
Added Component: Designator=C2(CS 2.0*5*8 - C)
Add component (AddParameter): Name = "BOM名称"; Value = "直插固态电容"; VariantName = "[No Variations]"
Add component (AddParameter): Name = "学习资源"; Value = "www.ooocke.com"; VariantName = "[No Variations]"
Add component (AddParameter): Name = "版权归属"; Value = "源创客"; VariantName = "[No Variations]"
Added Component: Designator=C3(CS 2.0*5*8 - C)
Add component (AddParameter): Name = "BOM名称"; Value = "直插固态电容"; VariantName = "[No Variations]"
Add component (AddParameter): Name = "学习资源"; Value = "www.ooocke.com"; VariantName = "[No Variations]"
Add component (AddParameter): Name = "版权归属"; Value = "源创客"; VariantName = "[No Variations]"
Added Component: Designator=C4(CS 2.0*5*8 - C)
Add component (AddParameter): Name = "BOM名称"; Value = "直插固态电容"; VariantName = "[No Variations]"
Add component (AddParameter): Name = "学习资源"; Value = "www.ooocke.com"; VariantName = "[No Variations]"
Add component (AddParameter): Name = "版权归属"; Value = "源创客"; VariantName = "[No Variations]"
Added Component: Designator=C7(CS 2.0*5*8 - C)
Add component (AddParameter): Name = "BOM名称"; Value = "直插固态电容"; VariantName = "[No Variations]"
Add component (AddParameter): Name = "学习资源"; Value = "www.ooocke.com"; VariantName = "[No Variations]"
Add component (AddParameter): Name = "版权归属"; Value = "源创客"; VariantName = "[No Variations]"
Added Component: Designator=C8(CS 2.0*5*8 - C)
Add component (AddParameter): Name = "BOM名称"; Value = "直插固态电容"; VariantName = "[No Variations]"
Add component (AddParameter): Name = "学习资源"; Value = "www.ooocke.com"; VariantName = "[No Variations]"
Add component (AddParameter): Name = "版权归属"; Value = "源创客"; VariantName = "[No Variations]"
Added Component: Designator=C9(CS 2.0*5*8 - C)
Add component (AddParameter): Name = "BOM名称"; Value = "直插固态电容"; VariantName = "[No Variations]"
Add component (AddParameter): Name = "学习资源"; Value = "www.ooocke.com"; VariantName = "[No Variations]"
Add component (AddParameter): Name = "版权归属"; Value = "源创客"; VariantName = "[No Variations]"
Added Component: Designator=C14(CS 2.0*5*8 - C)
Add component (AddParameter): Name = "BOM名称"; Value = "直插固态电容"; VariantName = "[No Variations]"
Add component (AddParameter): Name = "学习资源"; Value = "www.ooocke.com"; VariantName = "[No Variations]"
Add component (AddParameter): Name = "版权归属"; Value = "源创客"; VariantName = "[No Variations]"
Added Component: Designator=C15(CS 2.0*5*8 - C)
Add component (AddParameter): Name = "BOM名称"; Value = "直插固态电容"; VariantName = "[No Variations]"
Add component (AddParameter): Name = "学习资源"; Value = "www.ooocke.com"; VariantName = "[No Variations]"
Add component (AddParameter): Name = "版权归属"; Value = "源创客"; VariantName = "[No Variations]"
Added Pin To Net: NetName=NetC1_1 Pin=C1-1
Added Pin To Net: NetName=NetC1_2 Pin=C1-2
Added Pin To Net: NetName=NetC2_1 Pin=C2-1
Added Pin To Net: NetName=GND Pin=C2-2
Added Pin To Net: NetName=NetC3_1 Pin=C3-1
Added Pin To Net: NetName=NetC3_2 Pin=C3-2
Added Pin To Net: NetName=NetC4_1 Pin=C4-1
Added Pin To Net: NetName=GND Pin=C4-2
Added Pin To Net: NetName=NetC7_1 Pin=C7-1
Added Pin To Net: NetName=NetC7_2 Pin=C7-2
Added Pin To Net: NetName=NetC8_1 Pin=C8-1
Added Pin To Net: NetName=NetC8_2 Pin=C8-2
Added Pin To Net: NetName=NetC9_1 Pin=C9-1
Added Pin To Net: NetName=GND Pin=C9-2
Added Pin To Net: NetName=NetC14_1 Pin=C14-1
Added Pin To Net: NetName=NetC8_2 Pin=C14-2
Added Pin To Net: NetName=NetC15_1 Pin=C15-1
Added Pin To Net: NetName=GND Pin=C15-2
Added Member To Class: ClassName=Sheet1 Member=Component C1 22u
Added Member To Class: ClassName=Sheet1 Member=Component C2 100u
Added Member To Class: ClassName=Sheet1 Member=Component C3 22u
Added Member To Class: ClassName=Sheet1 Member=Component C4 100u
Added Member To Class: ClassName=Sheet1 Member=Component C7 1u
Added Member To Class: ClassName=Sheet1 Member=Component C8 22u
Added Member To Class: ClassName=Sheet1 Member=Component C9 100u
Added Member To Class: ClassName=Sheet1 Member=Component C14 22u
Added Member To Class: ClassName=Sheet1 Member=Component C15 100u
Added Room: Name=Sheet1
